  ArkMain.c
c:\users\yourj_000\desktop\projects\visual studio 2015\projects\arkanoidgame\arkanoidgame\arkmain.c(210): warning C4090: функция: разные квалификаторы "const"
c:\users\yourj_000\desktop\projects\visual studio 2015\projects\arkanoidgame\arkanoidgame\arkmain.c(231): warning C4244: +=: преобразование "float" в "int", возможна потеря данных
c:\users\yourj_000\desktop\projects\visual studio 2015\projects\arkanoidgame\arkanoidgame\arkmain.c(232): warning C4244: +=: преобразование "float" в "int", возможна потеря данных
c:\users\yourj_000\desktop\projects\visual studio 2015\projects\arkanoidgame\arkanoidgame\arkmain.c(240): warning C4244: +=: преобразование "float" в "int", возможна потеря данных
c:\users\yourj_000\desktop\projects\visual studio 2015\projects\arkanoidgame\arkanoidgame\arkmain.c(241): warning C4244: +=: преобразование "float" в "int", возможна потеря данных
c:\users\yourj_000\desktop\projects\visual studio 2015\projects\arkanoidgame\arkanoidgame\arkmain.c(251): warning C4244: +=: преобразование "float" в "int", возможна потеря данных
c:\users\yourj_000\desktop\projects\visual studio 2015\projects\arkanoidgame\arkanoidgame\arkmain.c(252): warning C4244: +=: преобразование "float" в "int", возможна потеря данных
c:\users\yourj_000\desktop\projects\visual studio 2015\projects\arkanoidgame\arkanoidgame\arkmain.c(257): warning C4244: +=: преобразование "float" в "int", возможна потеря данных
c:\users\yourj_000\desktop\projects\visual studio 2015\projects\arkanoidgame\arkanoidgame\arkmain.c(258): warning C4244: +=: преобразование "float" в "int", возможна потеря данных
c:\users\yourj_000\desktop\projects\visual studio 2015\projects\arkanoidgame\arkanoidgame\arkmain.c(269): warning C4244: +=: преобразование "float" в "int", возможна потеря данных
c:\users\yourj_000\desktop\projects\visual studio 2015\projects\arkanoidgame\arkanoidgame\arkmain.c(270): warning C4244: +=: преобразование "float" в "int", возможна потеря данных
c:\users\yourj_000\desktop\projects\visual studio 2015\projects\arkanoidgame\arkanoidgame\arkmain.c(275): warning C4244: +=: преобразование "float" в "int", возможна потеря данных
c:\users\yourj_000\desktop\projects\visual studio 2015\projects\arkanoidgame\arkanoidgame\arkmain.c(276): warning C4244: +=: преобразование "float" в "int", возможна потеря данных
c:\users\yourj_000\desktop\projects\visual studio 2015\projects\arkanoidgame\arkanoidgame\arkmain.c(282): warning C4244: +=: преобразование "float" в "int", возможна потеря данных
c:\users\yourj_000\desktop\projects\visual studio 2015\projects\arkanoidgame\arkanoidgame\arkmain.c(283): warning C4244: +=: преобразование "float" в "int", возможна потеря данных
c:\users\yourj_000\desktop\projects\visual studio 2015\projects\arkanoidgame\arkanoidgame\arkmain.c(288): warning C4244: +=: преобразование "float" в "int", возможна потеря данных
c:\users\yourj_000\desktop\projects\visual studio 2015\projects\arkanoidgame\arkanoidgame\arkmain.c(289): warning C4244: +=: преобразование "float" в "int", возможна потеря данных
c:\users\yourj_000\desktop\projects\visual studio 2015\projects\arkanoidgame\arkanoidgame\arkmain.c(291): warning C4090: функция: разные квалификаторы "const"
  ArkanoidGame.vcxproj -> C:\Users\yourj_000\Desktop\Projects\Visual Studio 2015\Projects\ArkanoidGame\x64\Debug\ArkanoidGame.exe
  ArkanoidGame.vcxproj -> C:\Users\yourj_000\Desktop\Projects\Visual Studio 2015\Projects\ArkanoidGame\x64\Debug\ArkanoidGame.pdb (Partial PDB)
